<?xml version="1.0" encoding="UTF-8"?>
<testsuite name="az.processing.client.ClientServiceApplicationTests" tests="1" skipped="0" failures="0" errors="0" timestamp="2023-11-19T18:11:52" hostname="KAPMAC79-M.local" time="0.102">
  <properties/>
  <testcase name="contextLoads()" classname="az.processing.client.ClientServiceApplicationTests" time="0.102"/>
  <system-out><![CDATA[22:11:50.032 [Test worker] DEBUG org.springframework.test.context.BootstrapUtils - Instantiating CacheAwareContextLoaderDelegate from class [org.springframework.test.context.cache.DefaultCacheAwareContextLoaderDelegate]
22:11:50.040 [Test worker] DEBUG org.springframework.test.context.BootstrapUtils - Instantiating BootstrapContext using constructor [public org.springframework.test.context.support.DefaultBootstrapContext(java.lang.Class,org.springframework.test.context.CacheAwareContextLoaderDelegate)]
22:11:50.052 [Test worker] DEBUG org.springframework.test.context.BootstrapUtils - Instantiating TestContextBootstrapper for test class [az.processing.client.ClientServiceApplicationTests] from class [org.springframework.boot.test.context.SpringBootTestContextBootstrapper]
22:11:50.066 [Test worker] INFO org.springframework.boot.test.context.SpringBootTestContextBootstrapper - Neither @ContextConfiguration nor @ContextHierarchy found for test class [az.processing.client.ClientServiceApplicationTests], using SpringBootContextLoader
22:11:50.068 [Test worker] DEBUG org.springframework.test.context.support.AbstractContextLoader - Did not detect default resource location for test class [az.processing.client.ClientServiceApplicationTests]: class path resource [az/processing/client/ClientServiceApplicationTests-context.xml] does not exist
22:11:50.068 [Test worker] DEBUG org.springframework.test.context.support.AbstractContextLoader - Did not detect default resource location for test class [az.processing.client.ClientServiceApplicationTests]: class path resource [az/processing/client/ClientServiceApplicationTestsContext.groovy] does not exist
22:11:50.069 [Test worker] INFO org.springframework.test.context.support.AbstractContextLoader - Could not detect default resource locations for test class [az.processing.client.ClientServiceApplicationTests]: no resource found for suffixes {-context.xml, Context.groovy}.
22:11:50.069 [Test worker] INFO org.springframework.test.context.support.AnnotationConfigContextLoaderUtils - Could not detect default configuration classes for test class [az.processing.client.ClientServiceApplicationTests]: ClientServiceApplicationTests does not declare any static, non-private, non-final, nested classes annotated with @Configuration.
22:11:50.094 [Test worker] DEBUG org.springframework.test.context.support.ActiveProfilesUtils - Could not find an 'annotation declaring class' for annotation type [org.springframework.test.context.ActiveProfiles] and class [az.processing.client.ClientServiceApplicationTests]
22:11:50.124 [Test worker] DEBUG org.springframework.context.annotation.ClassPathScanningCandidateComponentProvider - Identified candidate component class: file [/Users/safarovrag/IdeaProjects/processing-card-management/processing-management-backend/example-client/build/classes/java/main/az/processing/client/ClientServiceApplication.class]
22:11:50.124 [Test worker] INFO org.springframework.boot.test.context.SpringBootTestContextBootstrapper - Found @SpringBootConfiguration az.processing.client.ClientServiceApplication for test class az.processing.client.ClientServiceApplicationTests
22:11:50.175 [Test worker] DEBUG org.springframework.boot.test.context.SpringBootTestContextBootstrapper - @TestExecutionListeners is not present for class [az.processing.client.ClientServiceApplicationTests]: using defaults.
22:11:50.175 [Test worker] INFO org.springframework.boot.test.context.SpringBootTestContextBootstrapper - Loaded default TestExecutionListener class names from location [META-INF/spring.factories]: [org.springframework.boot.test.autoconfigure.restdocs.RestDocsTestExecutionListener, org.springframework.boot.test.autoconfigure.web.client.MockRestServiceServerResetTestExecutionListener, org.springframework.boot.test.autoconfigure.web.servlet.MockMvcPrintOnlyOnFailureTestExecutionListener, org.springframework.boot.test.autoconfigure.web.servlet.WebDriverTestExecutionListener, org.springframework.boot.test.mock.mockito.MockitoTestExecutionListener, org.springframework.boot.test.mock.mockito.ResetMocksTestExecutionListener, org.springframework.test.context.web.ServletTestExecutionListener, org.springframework.test.context.support.DirtiesContextBeforeModesTestExecutionListener, org.springframework.test.context.support.DependencyInjectionTestExecutionListener, org.springframework.test.context.support.DirtiesContextTestExecutionListener, org.springframework.test.context.transaction.TransactionalTestExecutionListener, org.springframework.test.context.jdbc.SqlScriptsTestExecutionListener, org.springframework.test.context.event.EventPublishingTestExecutionListener]
22:11:50.181 [Test worker] DEBUG org.springframework.boot.test.context.SpringBootTestContextBootstrapper - Skipping candidate TestExecutionListener [org.springframework.test.context.transaction.TransactionalTestExecutionListener] due to a missing dependency. Specify custom listener classes or make the default listener classes and their required dependencies available. Offending class: [org/springframework/transaction/interceptor/TransactionAttributeSource]
22:11:50.181 [Test worker] DEBUG org.springframework.boot.test.context.SpringBootTestContextBootstrapper - Skipping candidate TestExecutionListener [org.springframework.test.context.jdbc.SqlScriptsTestExecutionListener] due to a missing dependency. Specify custom listener classes or make the default listener classes and their required dependencies available. Offending class: [org/springframework/transaction/interceptor/TransactionAttribute]
22:11:50.181 [Test worker] INFO org.springframework.boot.test.context.SpringBootTestContextBootstrapper - Using TestExecutionListeners: [org.springframework.test.context.web.ServletTestExecutionListener@7f570471, org.springframework.test.context.support.DirtiesContextBeforeModesTestExecutionListener@136ce4dc, org.springframework.boot.test.mock.mockito.MockitoTestExecutionListener@f29f31a, org.springframework.boot.test.autoconfigure.SpringBootDependencyInjectionTestExecutionListener@78c698f8, org.springframework.test.context.support.DirtiesContextTestExecutionListener@3ff56f1d, org.springframework.test.context.event.EventPublishingTestExecutionListener@4b4b263b, org.springframework.boot.test.autoconfigure.restdocs.RestDocsTestExecutionListener@bbaad6b, org.springframework.boot.test.autoconfigure.web.client.MockRestServiceServerResetTestExecutionListener@47f7e5bc, org.springframework.boot.test.autoconfigure.web.servlet.MockMvcPrintOnlyOnFailureTestExecutionListener@53eef7d8, org.springframework.boot.test.autoconfigure.web.servlet.WebDriverTestExecutionListener@41067960, org.springframework.boot.test.mock.mockito.ResetMocksTestExecutionListener@1f8945de]
22:11:50.183 [Test worker] DEBUG org.springframework.test.context.support.AbstractDirtiesContextTestExecutionListener - Before test class: context [DefaultTestContext@554073f testClass = ClientServiceApplicationTests, testInstance = [null], testMethod = [null], testException = [null], mergedContextConfiguration = [WebMergedContextConfiguration@651f3d7b testClass = ClientServiceApplicationTests, locations = '{}', classes = '{class az.processing.client.ClientServiceApplication}', contextInitializerClasses = '[]', activeProfiles = '{}', propertySourceLocations = '{}', propertySourceProperties = '{org.springframework.boot.test.context.SpringBootTestContextBootstrapper=true}', contextCustomizers = set[org.springframework.boot.test.autoconfigure.properties.PropertyMappingContextCustomizer@0, org.springframework.boot.test.autoconfigure.web.servlet.WebDriverContextCustomizerFactory$Customizer@12bd2d30, org.springframework.boot.test.context.filter.ExcludeFilterContextCustomizer@4b9e8313, org.springframework.boot.test.json.DuplicateJsonObjectContextCustomizerFactory$DuplicateJsonObjectContextCustomizer@76a697d0, org.springframework.boot.test.mock.mockito.MockitoContextCustomizer@0, org.springframework.boot.test.web.client.TestRestTemplateContextCustomizer@48871f41], resourceBasePath = 'src/main/webapp', contextLoader = 'org.springframework.boot.test.context.SpringBootContextLoader', parent = [null]], attributes = map['org.springframework.test.context.web.ServletTestExecutionListener.activateListener' -> true]], class annotated with @DirtiesContext [false] with mode [null].
22:11:50.196 [Test worker] DEBUG org.springframework.test.context.support.TestPropertySourceUtils - Adding inlined properties to environment: {spring.jmx.enabled=false, org.springframework.boot.test.context.SpringBootTestContextBootstrapper=true, server.port=-1}
2023-11-19 22:11:50.633  INFO 32568 --- [    Test worker] trationDelegate$BeanPostProcessorChecker : Bean 'org.springframework.cloud.autoconfigure.ConfigurationPropertiesRebinderAutoConfiguration' of type [org.springframework.cloud.autoconfigure.ConfigurationPropertiesRebinderAutoConfiguration$$EnhancerBySpringCGLIB$$27230d57] is not eligible for getting processed by all BeanPostProcessors (for example: not eligible for auto-proxying)

  .   ____          _            __ _ _
 /\\ / ___'_ __ _ _(_)_ __  __ _ \ \ \ \
( ( )\___ | '_ | '_| | '_ \/ _` | \ \ \ \
 \\/  ___)| |_)| | | | | || (_| |  ) ) ) )
  '  |____| .__|_| |_|_| |_\__, | / / / /
 =========|_|==============|___/=/_/_/_/
 :: Spring Boot ::        (v2.2.1.RELEASE)

2023-11-19 22:11:50.692  INFO 32568 --- [    Test worker] a.p.c.ClientServiceApplicationTests      : No active profile set, falling back to default profiles: default
2023-11-19 22:11:51.021  INFO 32568 --- [    Test worker] o.s.cloud.context.scope.GenericScope     : BeanFactory id=2e0f9c1a-024a-3253-ae11-3181c3d52039
2023-11-19 22:11:51.136  INFO 32568 --- [    Test worker] trationDelegate$BeanPostProcessorChecker : Bean 'org.springframework.cloud.autoconfigure.ConfigurationPropertiesRebinderAutoConfiguration' of type [org.springframework.cloud.autoconfigure.ConfigurationPropertiesRebinderAutoConfiguration$$EnhancerBySpringCGLIB$$27230d57] is not eligible for getting processed by all BeanPostProcessors (for example: not eligible for auto-proxying)
2023-11-19 22:11:51.332  INFO 32568 --- [    Test worker] o.s.s.web.DefaultSecurityFilterChain     : Creating filter chain: any request, [org.springframework.security.web.context.request.async.WebAsyncManagerIntegrationFilter@62110318, org.springframework.security.web.context.SecurityContextPersistenceFilter@17c237c5, org.springframework.security.web.header.HeaderWriterFilter@25d63a71, org.springframework.security.web.authentication.logout.LogoutFilter@63715b54, az.processing.client.security.AuthenticationFilter@596d5b3e, org.springframework.security.web.savedrequest.RequestCacheAwareFilter@17a6d72f, org.springframework.security.web.servletapi.SecurityContextHolderAwareRequestFilter@3d18917, org.springframework.security.web.authentication.AnonymousAuthenticationFilter@5320f190, org.springframework.security.web.session.SessionManagementFilter@7bc6f0d8, org.springframework.security.web.access.ExceptionTranslationFilter@48ea92c0, org.springframework.security.web.access.intercept.FilterSecurityInterceptor@1b5d5cd5]
2023-11-19 22:11:51.416  WARN 32568 --- [    Test worker] c.n.c.sources.URLConfigurationSource     : No URLs will be polled as dynamic configuration sources.
2023-11-19 22:11:51.416  INFO 32568 --- [    Test worker] c.n.c.sources.URLConfigurationSource     : To enable URLs as dynamic configuration sources, define System property archaius.configurationSource.additionalUrls or make config.properties available on classpath.
2023-11-19 22:11:51.424  WARN 32568 --- [    Test worker] c.n.c.sources.URLConfigurationSource     : No URLs will be polled as dynamic configuration sources.
2023-11-19 22:11:51.424  INFO 32568 --- [    Test worker] c.n.c.sources.URLConfigurationSource     : To enable URLs as dynamic configuration sources, define System property archaius.configurationSource.additionalUrls or make config.properties available on classpath.
2023-11-19 22:11:51.624  INFO 32568 --- [    Test worker] o.s.s.concurrent.ThreadPoolTaskExecutor  : Initializing ExecutorService 'applicationTaskExecutor'
2023-11-19 22:11:51.945  WARN 32568 --- [    Test worker] ockingLoadBalancerClientRibbonWarnLogger : You already have RibbonLoadBalancerClient on your classpath. It will be used by default. As Spring Cloud Ribbon is in maintenance mode. We recommend switching to BlockingLoadBalancerClient instead. In order to use it, set the value of `spring.cloud.loadbalancer.ribbon.enabled` to `false` or remove spring-cloud-starter-netflix-ribbon from your project.
2023-11-19 22:11:52.029  INFO 32568 --- [    Test worker] a.p.c.ClientServiceApplicationTests      : Started ClientServiceApplicationTests in 1.828 seconds (JVM running for 2.516)
]]></system-out>
  <system-err><![CDATA[]]></system-err>
</testsuite>
